-5 -C -DCMS_DLL -DCMS_DLL_BUILD
-I..\..\include -K -O2 -a8 -d -ff -w -wucp -wsig -wdef -wnod -wamb				
-OS	-RT- -R- -tWM -tWD  -w- -x- -c 			
..\..\src\cmscam02.c
..\..\src\cmscgats.c
..\..\src\cmscnvrt.c
..\..\src\cmserr.c
..\..\src\cmsgamma.c
..\..\src\cmsgmt.c
..\..\src\cmsintrp.c
..\..\src\cmsio0.c
..\..\src\cmsio1.c
..\..\src\cmslut.c
..\..\src\cmsmd5.c
..\..\src\cmsmtrx.c
..\..\src\cmsnamed.c
..\..\src\cmsopt.c
..\..\src\cmspack.c
..\..\src\cmspcs.c
..\..\src\cmsplugin.c
..\..\src\cmsps2.c
..\..\src\cmssamp.c
..\..\src\cmssm.c
..\..\src\cmstypes.c
..\..\src\cmsvirt.c
..\..\src\cmswtpnt.c
..\..\src\cmsxform.c
..\..\src\cmshalf.c
..\..\src\cmsalpha.c